<?xml version="1.0" encoding="UTF-8"?>
<!-- Generated by org.testng.reporters.JUnitXMLReporter -->
<testsuite hostname="AshwinG" name="Default test" tests="4" failures="0" timestamp="21 Mar 2017 12:04:14 GMT" time="0.089" errors="0">
  <testcase name="@BeforeSuite setup" time="0.0" classname="Config.BaseTest">
    <failure type="org.testng.TestNGException" message="
Parameter &amp;apos;environment&amp;apos; is required by @Configuration on method setup but has not been marked @Optional or defined
in C:\Users\Ashwin\AppData\Local\Temp\testng-eclipse--310724333\testng-customsuite.xml">
      <![CDATA[org.testng.TestNGException: 
Parameter 'environment' is required by @Configuration on method setup but has not been marked @Optional or defined
in C:\Users\Ashwin\AppData\Local\Temp\testng-eclipse--310724333\testng-customsuite.xml
	at org.testng.internal.Parameters.createParameters(Parameters.java:154)
	at org.testng.internal.Parameters.createParameters(Parameters.java:361)
	at org.testng.internal.Parameters.createConfigurationParameters(Parameters.java:84)
	at org.testng.internal.Invoker.invokeConfigurations(Invoker.java:197)
	at org.testng.internal.Invoker.invokeConfigurations(Invoker.java:138)
	at org.testng.SuiteRunner.privateRun(SuiteRunner.java:298)
	at org.testng.SuiteRunner.run(SuiteRunner.java:261)
	at org.testng.SuiteRunnerWorker.runSuite(SuiteRunnerWorker.java:52)
	at org.testng.SuiteRunnerWorker.run(SuiteRunnerWorker.java:86)
	at org.testng.TestNG.runSuitesSequentially(TestNG.java:1215)
	at org.testng.TestNG.runSuitesLocally(TestNG.java:1140)
	at org.testng.TestNG.run(TestNG.java:1048)
	at org.testng.remote.RemoteTestNG.run(RemoteTestNG.java:112)
	at org.testng.remote.RemoteTestNG.initAndRun(RemoteTestNG.java:205)
	at org.testng.remote.RemoteTestNG.main(RemoteTestNG.java:176)
]]>
    </failure>
  </testcase> <!-- @BeforeSuite setup -->
  <testcase name="@BeforeClass beforeclass" time="0.0" classname="tests.HomePageTests">
    <skipped/>
  </testcase> <!-- @BeforeClass beforeclass -->
  <testcase name="@BeforeMethod nameBefore" time="0.0" classname="tests.HomePageTests">
    <skipped/>
  </testcase> <!-- @BeforeMethod nameBefore -->
  <testcase name="@AfterMethod afterMethod" time="0.0" classname="tests.HomePageTests">
    <skipped/>
  </testcase> <!-- @AfterMethod afterMethod -->
  <testcase name="@BeforeMethod nameBefore" time="0.0" classname="tests.HomePageTests">
    <skipped/>
  </testcase> <!-- @BeforeMethod nameBefore -->
  <testcase name="@AfterMethod afterMethod" time="0.0" classname="tests.HomePageTests">
    <skipped/>
  </testcase> <!-- @AfterMethod afterMethod -->
  <testcase name="@BeforeMethod nameBefore" time="0.0" classname="tests.HomePageTests">
    <skipped/>
  </testcase> <!-- @BeforeMethod nameBefore -->
  <testcase name="@AfterMethod afterMethod" time="0.0" classname="tests.HomePageTests">
    <skipped/>
  </testcase> <!-- @AfterMethod afterMethod -->
  <testcase name="@BeforeMethod nameBefore" time="0.0" classname="tests.HomePageTests">
    <skipped/>
  </testcase> <!-- @BeforeMethod nameBefore -->
  <testcase name="@AfterMethod afterMethod" time="0.0" classname="tests.HomePageTests">
    <skipped/>
  </testcase> <!-- @AfterMethod afterMethod -->
  <testcase name="topNav" time="0.006" classname="tests.HomePageTests">
    <skipped/>
  </testcase> <!-- topNav -->
  <testcase name="header" time="0.001" classname="tests.HomePageTests">
    <skipped/>
  </testcase> <!-- header -->
  <testcase name="products" time="0.002" classname="tests.HomePageTests">
    <skipped/>
  </testcase> <!-- products -->
  <testcase name="services" time="0.004" classname="tests.HomePageTests">
    <skipped/>
  </testcase> <!-- services -->
</testsuite> <!-- Default test -->
