<?xml version="1.0" encoding="UTF-8"?>
<!-- Generated by org.testng.reporters.JUnitXMLReporter -->
<testsuite hostname="AshwinG" name="Test" tests="9" failures="0" timestamp="22 Mar 2017 10:52:08 GMT" time="21.926" errors="0">
  <testcase name="topNav" time="5.416" classname="tests.HomePageTests"/>
  <testcase name="header" time="1.099" classname="tests.HomePageTests"/>
  <testcase name="products" time="2.415" classname="tests.HomePageTests"/>
  <testcase name="services" time="3.725" classname="tests.HomePageTests"/>
  <testcase name="cookieLaw" time="4.275" classname="tests.HomePageTests"/>
  <testcase name="upperFooter" time="1.915" classname="tests.HomePageTests"/>
  <testcase name="lowerFooter" time="0.729" classname="tests.HomePageTests"/>
  <testcase name="locale" time="0.687" classname="tests.HomePageTests"/>
  <testcase name="homeSeo" time="0.587" classname="tests.HomePageTests"/>
</testsuite> <!-- Test -->
