<?xml version="1.0" encoding="UTF-8"?>
<testng-results skipped="0" failed="0" total="9" passed="9">
  <reporter-output>
  </reporter-output>
  <suite name="Suite" duration-ms="21926" started-at="2017-03-22T10:51:46Z" finished-at="2017-03-22T10:52:08Z">
    <groups>
      <group name="Home page">
        <method signature="HomePageTests.cookieLaw()[pri:5, instance:tests.HomePageTests@62043840]" name="cookieLaw" class="tests.HomePageTests"/>
        <method signature="HomePageTests.header()[pri:2, instance:tests.HomePageTests@62043840]" name="header" class="tests.HomePageTests"/>
        <method signature="HomePageTests.homeSeo()[pri:9, instance:tests.HomePageTests@62043840]" name="homeSeo" class="tests.HomePageTests"/>
        <method signature="HomePageTests.locale()[pri:8, instance:tests.HomePageTests@62043840]" name="locale" class="tests.HomePageTests"/>
        <method signature="HomePageTests.lowerFooter()[pri:7, instance:tests.HomePageTests@62043840]" name="lowerFooter" class="tests.HomePageTests"/>
        <method signature="HomePageTests.products()[pri:3, instance:tests.HomePageTests@62043840]" name="products" class="tests.HomePageTests"/>
        <method signature="HomePageTests.services()[pri:4, instance:tests.HomePageTests@62043840]" name="services" class="tests.HomePageTests"/>
        <method signature="HomePageTests.topNav()[pri:1, instance:tests.HomePageTests@62043840]" name="topNav" class="tests.HomePageTests"/>
        <method signature="HomePageTests.upperFooter()[pri:6, instance:tests.HomePageTests@62043840]" name="upperFooter" class="tests.HomePageTests"/>
      </group> <!-- Home page -->
    </groups>
    <test name="Test" duration-ms="21926" started-at="2017-03-22T10:51:46Z" finished-at="2017-03-22T10:52:08Z">
      <class name="tests.HomePageTests">
        <test-method status="PASS" signature="setup(java.lang.String, java.lang.String, java.lang.String, java.lang.String, java.lang.String, java.lang.String)[pri:0, instance:tests.HomePageTests@62043840]" name="setup" is-config="true" duration-ms="20583" started-at="2017-03-22T16:21:26Z" finished-at="2017-03-22T16:21:46Z">
          <params>
            <param index="0">
              <value>
                <![CDATA[E:\\TIBCO_Selenium\\Drivers\\Firefox\\geckodriver.exe]]>
              </value>
            </param>
            <param index="1">
              <value>
                <![CDATA[firefox]]>
              </value>
            </param>
            <param index="2">
              <value>
                <![CDATA[https://www.tibco.com]]>
              </value>
            </param>
            <param index="3">
              <value>
                <![CDATA[E:\\TIBCO_Selenium\\Prod-Reports\\]]>
              </value>
            </param>
            <param index="4">
              <value>
                <![CDATA[windows-10]]>
              </value>
            </param>
            <param index="5">
              <value>
                <![CDATA[screenshot]]>
              </value>
            </param>
          </params>
          <reporter-output>
          </reporter-output>
        </test-method> <!-- setup -->
        <test-method status="PASS" signature="beforeclass()[pri:0, instance:tests.HomePageTests@62043840]" name="beforeclass" is-config="true" duration-ms="43" started-at="2017-03-22T16:21:46Z" finished-at="2017-03-22T16:21:46Z">
          <reporter-output>
          </reporter-output>
        </test-method> <!-- beforeclass -->
        <test-method status="PASS" signature="nameBefore(java.lang.reflect.Method)[pri:0, instance:tests.HomePageTests@62043840]" name="nameBefore" is-config="true" duration-ms="5" started-at="2017-03-22T16:21:46Z" finished-at="2017-03-22T16:21:46Z">
          <params>
            <param index="0">
              <value>
                <![CDATA[public void tests.HomePageTests.topNav()]]>
              </value>
            </param>
          </params>
          <reporter-output>
          </reporter-output>
        </test-method> <!-- nameBefore -->
        <test-method status="PASS" signature="topNav()[pri:1, instance:tests.HomePageTests@62043840]" name="topNav" duration-ms="5416" started-at="2017-03-22T16:21:46Z" finished-at="2017-03-22T16:21:52Z">
          <reporter-output>
          </reporter-output>
        </test-method> <!-- topNav -->
        <test-method status="PASS" signature="afterMethod(java.lang.reflect.Method)[pri:0, instance:tests.HomePageTests@62043840]" name="afterMethod" is-config="true" duration-ms="307" started-at="2017-03-22T16:21:52Z" finished-at="2017-03-22T16:21:52Z">
          <params>
            <param index="0">
              <value>
                <![CDATA[public void tests.HomePageTests.topNav()]]>
              </value>
            </param>
          </params>
          <reporter-output>
          </reporter-output>
        </test-method> <!-- afterMethod -->
        <test-method status="PASS" signature="nameBefore(java.lang.reflect.Method)[pri:0, instance:tests.HomePageTests@62043840]" name="nameBefore" is-config="true" duration-ms="0" started-at="2017-03-22T16:21:52Z" finished-at="2017-03-22T16:21:52Z">
          <params>
            <param index="0">
              <value>
                <![CDATA[public void tests.HomePageTests.header()]]>
              </value>
            </param>
          </params>
          <reporter-output>
          </reporter-output>
        </test-method> <!-- nameBefore -->
        <test-method status="PASS" signature="header()[pri:2, instance:tests.HomePageTests@62043840]" name="header" duration-ms="1099" started-at="2017-03-22T16:21:52Z" finished-at="2017-03-22T16:21:53Z">
          <reporter-output>
          </reporter-output>
        </test-method> <!-- header -->
        <test-method status="PASS" signature="afterMethod(java.lang.reflect.Method)[pri:0, instance:tests.HomePageTests@62043840]" name="afterMethod" is-config="true" duration-ms="84" started-at="2017-03-22T16:21:53Z" finished-at="2017-03-22T16:21:53Z">
          <params>
            <param index="0">
              <value>
                <![CDATA[public void tests.HomePageTests.header()]]>
              </value>
            </param>
          </params>
          <reporter-output>
          </reporter-output>
        </test-method> <!-- afterMethod -->
        <test-method status="PASS" signature="nameBefore(java.lang.reflect.Method)[pri:0, instance:tests.HomePageTests@62043840]" name="nameBefore" is-config="true" duration-ms="1" started-at="2017-03-22T16:21:53Z" finished-at="2017-03-22T16:21:53Z">
          <params>
            <param index="0">
              <value>
                <![CDATA[public void tests.HomePageTests.products()]]>
              </value>
            </param>
          </params>
          <reporter-output>
          </reporter-output>
        </test-method> <!-- nameBefore -->
        <test-method status="PASS" signature="products()[pri:3, instance:tests.HomePageTests@62043840]" name="products" duration-ms="2415" started-at="2017-03-22T16:21:53Z" finished-at="2017-03-22T16:21:56Z">
          <reporter-output>
          </reporter-output>
        </test-method> <!-- products -->
        <test-method status="PASS" signature="afterMethod(java.lang.reflect.Method)[pri:0, instance:tests.HomePageTests@62043840]" name="afterMethod" is-config="true" duration-ms="79" started-at="2017-03-22T16:21:56Z" finished-at="2017-03-22T16:21:56Z">
          <params>
            <param index="0">
              <value>
                <![CDATA[public void tests.HomePageTests.products()]]>
              </value>
            </param>
          </params>
          <reporter-output>
          </reporter-output>
        </test-method> <!-- afterMethod -->
        <test-method status="PASS" signature="services()[pri:4, instance:tests.HomePageTests@62043840]" name="services" duration-ms="3725" started-at="2017-03-22T16:21:56Z" finished-at="2017-03-22T16:21:59Z">
          <reporter-output>
          </reporter-output>
        </test-method> <!-- services -->
        <test-method status="PASS" signature="nameBefore(java.lang.reflect.Method)[pri:0, instance:tests.HomePageTests@62043840]" name="nameBefore" is-config="true" duration-ms="0" started-at="2017-03-22T16:21:56Z" finished-at="2017-03-22T16:21:56Z">
          <params>
            <param index="0">
              <value>
                <![CDATA[public void tests.HomePageTests.services() throws java.lang.InterruptedException]]>
              </value>
            </param>
          </params>
          <reporter-output>
          </reporter-output>
        </test-method> <!-- nameBefore -->
        <test-method status="PASS" signature="afterMethod(java.lang.reflect.Method)[pri:0, instance:tests.HomePageTests@62043840]" name="afterMethod" is-config="true" duration-ms="87" started-at="2017-03-22T16:21:59Z" finished-at="2017-03-22T16:21:59Z">
          <params>
            <param index="0">
              <value>
                <![CDATA[public void tests.HomePageTests.services() throws java.lang.InterruptedException]]>
              </value>
            </param>
          </params>
          <reporter-output>
          </reporter-output>
        </test-method> <!-- afterMethod -->
        <test-method status="PASS" signature="nameBefore(java.lang.reflect.Method)[pri:0, instance:tests.HomePageTests@62043840]" name="nameBefore" is-config="true" duration-ms="0" started-at="2017-03-22T16:21:59Z" finished-at="2017-03-22T16:21:59Z">
          <params>
            <param index="0">
              <value>
                <![CDATA[public void tests.HomePageTests.cookieLaw() throws java.lang.InterruptedException]]>
              </value>
            </param>
          </params>
          <reporter-output>
          </reporter-output>
        </test-method> <!-- nameBefore -->
        <test-method status="PASS" signature="cookieLaw()[pri:5, instance:tests.HomePageTests@62043840]" name="cookieLaw" duration-ms="4275" started-at="2017-03-22T16:21:59Z" finished-at="2017-03-22T16:22:04Z">
          <reporter-output>
          </reporter-output>
        </test-method> <!-- cookieLaw -->
        <test-method status="PASS" signature="afterMethod(java.lang.reflect.Method)[pri:0, instance:tests.HomePageTests@62043840]" name="afterMethod" is-config="true" duration-ms="162" started-at="2017-03-22T16:22:04Z" finished-at="2017-03-22T16:22:04Z">
          <params>
            <param index="0">
              <value>
                <![CDATA[public void tests.HomePageTests.cookieLaw() throws java.lang.InterruptedException]]>
              </value>
            </param>
          </params>
          <reporter-output>
          </reporter-output>
        </test-method> <!-- afterMethod -->
        <test-method status="PASS" signature="nameBefore(java.lang.reflect.Method)[pri:0, instance:tests.HomePageTests@62043840]" name="nameBefore" is-config="true" duration-ms="1" started-at="2017-03-22T16:22:04Z" finished-at="2017-03-22T16:22:04Z">
          <params>
            <param index="0">
              <value>
                <![CDATA[public void tests.HomePageTests.upperFooter()]]>
              </value>
            </param>
          </params>
          <reporter-output>
          </reporter-output>
        </test-method> <!-- nameBefore -->
        <test-method status="PASS" signature="upperFooter()[pri:6, instance:tests.HomePageTests@62043840]" name="upperFooter" duration-ms="1915" started-at="2017-03-22T16:22:04Z" finished-at="2017-03-22T16:22:06Z">
          <reporter-output>
          </reporter-output>
        </test-method> <!-- upperFooter -->
        <test-method status="PASS" signature="afterMethod(java.lang.reflect.Method)[pri:0, instance:tests.HomePageTests@62043840]" name="afterMethod" is-config="true" duration-ms="72" started-at="2017-03-22T16:22:06Z" finished-at="2017-03-22T16:22:06Z">
          <params>
            <param index="0">
              <value>
                <![CDATA[public void tests.HomePageTests.upperFooter()]]>
              </value>
            </param>
          </params>
          <reporter-output>
          </reporter-output>
        </test-method> <!-- afterMethod -->
        <test-method status="PASS" signature="lowerFooter()[pri:7, instance:tests.HomePageTests@62043840]" name="lowerFooter" duration-ms="729" started-at="2017-03-22T16:22:06Z" finished-at="2017-03-22T16:22:07Z">
          <reporter-output>
          </reporter-output>
        </test-method> <!-- lowerFooter -->
        <test-method status="PASS" signature="nameBefore(java.lang.reflect.Method)[pri:0, instance:tests.HomePageTests@62043840]" name="nameBefore" is-config="true" duration-ms="0" started-at="2017-03-22T16:22:06Z" finished-at="2017-03-22T16:22:06Z">
          <params>
            <param index="0">
              <value>
                <![CDATA[public void tests.HomePageTests.lowerFooter()]]>
              </value>
            </param>
          </params>
          <reporter-output>
          </reporter-output>
        </test-method> <!-- nameBefore -->
        <test-method status="PASS" signature="afterMethod(java.lang.reflect.Method)[pri:0, instance:tests.HomePageTests@62043840]" name="afterMethod" is-config="true" duration-ms="65" started-at="2017-03-22T16:22:07Z" finished-at="2017-03-22T16:22:07Z">
          <params>
            <param index="0">
              <value>
                <![CDATA[public void tests.HomePageTests.lowerFooter()]]>
              </value>
            </param>
          </params>
          <reporter-output>
          </reporter-output>
        </test-method> <!-- afterMethod -->
        <test-method status="PASS" signature="nameBefore(java.lang.reflect.Method)[pri:0, instance:tests.HomePageTests@62043840]" name="nameBefore" is-config="true" duration-ms="1" started-at="2017-03-22T16:22:07Z" finished-at="2017-03-22T16:22:07Z">
          <params>
            <param index="0">
              <value>
                <![CDATA[public void tests.HomePageTests.locale()]]>
              </value>
            </param>
          </params>
          <reporter-output>
          </reporter-output>
        </test-method> <!-- nameBefore -->
        <test-method status="PASS" signature="locale()[pri:8, instance:tests.HomePageTests@62043840]" name="locale" duration-ms="687" started-at="2017-03-22T16:22:07Z" finished-at="2017-03-22T16:22:07Z">
          <reporter-output>
          </reporter-output>
        </test-method> <!-- locale -->
        <test-method status="PASS" signature="afterMethod(java.lang.reflect.Method)[pri:0, instance:tests.HomePageTests@62043840]" name="afterMethod" is-config="true" duration-ms="66" started-at="2017-03-22T16:22:07Z" finished-at="2017-03-22T16:22:07Z">
          <params>
            <param index="0">
              <value>
                <![CDATA[public void tests.HomePageTests.locale()]]>
              </value>
            </param>
          </params>
          <reporter-output>
          </reporter-output>
        </test-method> <!-- afterMethod -->
        <test-method status="PASS" signature="homeSeo()[pri:9, instance:tests.HomePageTests@62043840]" name="homeSeo" duration-ms="587" started-at="2017-03-22T16:22:07Z" finished-at="2017-03-22T16:22:08Z">
          <reporter-output>
          </reporter-output>
        </test-method> <!-- homeSeo -->
        <test-method status="PASS" signature="nameBefore(java.lang.reflect.Method)[pri:0, instance:tests.HomePageTests@62043840]" name="nameBefore" is-config="true" duration-ms="0" started-at="2017-03-22T16:22:07Z" finished-at="2017-03-22T16:22:07Z">
          <params>
            <param index="0">
              <value>
                <![CDATA[public void tests.HomePageTests.homeSeo()]]>
              </value>
            </param>
          </params>
          <reporter-output>
          </reporter-output>
        </test-method> <!-- nameBefore -->
        <test-method status="PASS" signature="afterMethod(java.lang.reflect.Method)[pri:0, instance:tests.HomePageTests@62043840]" name="afterMethod" is-config="true" duration-ms="80" started-at="2017-03-22T16:22:08Z" finished-at="2017-03-22T16:22:08Z">
          <params>
            <param index="0">
              <value>
                <![CDATA[public void tests.HomePageTests.homeSeo()]]>
              </value>
            </param>
          </params>
          <reporter-output>
          </reporter-output>
        </test-method> <!-- afterMethod -->
        <test-method status="PASS" signature="tearDown()[pri:0, instance:tests.HomePageTests@62043840]" name="tearDown" is-config="true" duration-ms="535" started-at="2017-03-22T16:22:08Z" finished-at="2017-03-22T16:22:09Z">
          <reporter-output>
          </reporter-output>
        </test-method> <!-- tearDown -->
      </class> <!-- tests.HomePageTests -->
    </test> <!-- Test -->
  </suite> <!-- Suite -->
</testng-results>
